2019-01-13 14:00:41,168  INFO:mqtt-udp  Started: mqtt-gate
2019-01-13 14:00:41,285  INFO:mqtt-udp  connected<paho.mqtt.client.Client object at 0xffb066d0>
2019-01-13 14:00:41,286  INFO:mqtt-udp  Connected with result code {'session present': 0}
2019-01-13 14:00:41,287  INFO:mqtt-udp  From broker /openhab/Light1A b'1'
2019-01-13 14:00:41,287  INFO:mqtt-udp  From broker /openhab/Light5B b'ON'
2019-01-13 14:00:41,288  INFO:mqtt-udp  From broker /openhab/PLK0_ColdWaterConsumption b'5.0'
2019-01-13 14:00:41,288  INFO:mqtt-udp  From broker /openhab/activePower b'2780'
2019-01-13 14:00:41,289  INFO:mqtt-udp  From broker /openhab/currentVoltage b'218'
2019-01-13 14:00:41,290  INFO:mqtt-udp  From broker /openhab/CCU825_In0 b'0.0'
2019-01-13 14:00:41,290  INFO:mqtt-udp  From broker /openhab/CCU825_In1 b'0.0'
2019-01-13 14:00:41,290  INFO:mqtt-udp  From broker /openhab/CCU825_In2 b'10.0'
2019-01-13 14:00:41,291  INFO:mqtt-udp  From broker /openhab/CCU825_In3 b'0.0'
2019-01-13 14:00:41,291  INFO:mqtt-udp  From broker /openhab/CCU825_SunLight b'3.9145299145299144'
2019-01-13 14:00:41,292  INFO:mqtt-udp  From broker /openhab/CCU825_Sound_1 b'0.3443223443223443'
2019-01-13 14:00:41,292  INFO:mqtt-udp  From broker /openhab/CCU825_CO2 b'3.474969474969475'
2019-01-13 14:00:41,292  INFO:mqtt-udp  From broker /openhab/CCU825_CO2_2 b'0.0'
2019-01-13 14:00:41,293  INFO:mqtt-udp  From broker /openhab/CCU825_In8 b'5.123321123321123'
2019-01-13 14:00:41,293  INFO:mqtt-udp  From broker /openhab/CCU825_In9 b'0.0'
2019-01-13 14:00:41,293  INFO:mqtt-udp  From broker /openhab/CCU825_In10 b'5.140415140415141'
2019-01-13 14:00:41,294  INFO:mqtt-udp  From broker /openhab/CCU825_In11 b'5.115995115995116'
2019-01-13 14:00:41,294  INFO:mqtt-udp  From broker /openhab/CCU825_In12 b'5.103785103785103'
2019-01-13 14:00:41,297  INFO:mqtt-udp  From broker /openhab/CCU825_In13 b'5.123321123321123'
2019-01-13 14:00:41,298  INFO:mqtt-udp  From broker /openhab/CCU825_In14 b'0.0'
2019-01-13 14:00:41,298  INFO:mqtt-udp  From broker /openhab/CCU825_In15 b'0.0'
2019-01-13 14:00:41,299  INFO:mqtt-udp  From broker /openhab/CCU825_Battery_Charge b'96'
2019-01-13 14:00:41,299  INFO:mqtt-udp  From broker /openhab/CCU825_Device_Temperature b'33'
2019-01-13 14:00:41,299  INFO:mqtt-udp  From broker /openhab/CCU825_Power_Voltage b'14.9'
2019-01-13 14:00:41,300  INFO:mqtt-udp  From broker /openhab/CCU825_GSM_Balance b'0.0'
2019-01-13 14:00:41,300  INFO:mqtt-udp  From broker /openhab/Current_Dinner_Air_Middle_Temp b'27.0'
2019-01-13 14:00:41,301  INFO:mqtt-udp  From broker /openhab/PLK0_activePa b'1817.573'
2019-01-13 14:00:41,301  INFO:mqtt-udp  From broker /openhab/BT_dz_home b'OFF'
2019-01-13 14:00:41,301  INFO:mqtt-udp  From broker /openhab/BT_nastty_home b'OFF'
2019-01-13 14:00:41,302  INFO:mqtt-udp  From broker /openhab/Current_Kitchen_Air_Ceiling_Temp b'25.49898'
2019-01-13 14:00:41,302  INFO:mqtt-udp  From broker /openhab/PLK0_Va b'219.7174'
2019-01-13 14:00:41,302  INFO:mqtt-udp  From broker /openhab/Current_Badroom_Air_Temp b'25.77481'
2019-01-13 14:00:41,303  INFO:mqtt-udp  From broker /openhab/PLK0_Presence b'1.0'
2019-01-13 14:00:41,303  INFO:mqtt-udp  From broker /openhab/Target_Room_Temp b'26.0'
2019-01-13 14:00:41,304  INFO:mqtt-udp  From broker /openhab/PLK0_WarmWaterConsumption b'5.0'
2019-01-13 14:00:41,304  INFO:mqtt-udp  From broker /openhab/Current_Children_Floor_Temp b'24.61646'
2019-01-13 14:00:41,304  INFO:mqtt-udp  From broker /openhab/Current_Children_Air_Temp b'24.33573'
2019-01-13 14:00:41,305  INFO:mqtt-udp  From broker /openhab/Current_Dinner_Floor_Temp b'28.98615'
2019-01-13 14:00:41,305  INFO:mqtt-udp  From broker /openhab/Current_Dinner_Air_Temp b'25.62327'
2019-01-13 14:00:41,309  INFO:mqtt-udp  From broker /openhab/Current_Bath_Air_Temp b'25.51903'
2019-01-13 14:00:41,310  INFO:mqtt-udp  From broker /openhab/Current_Bath_Floor_Temp b'25.81992'
2019-01-13 14:00:41,310  INFO:mqtt-udp  From broker /openhab/Current_Entrance_Air_Temp b'25.33596'
2019-01-13 14:00:41,310  INFO:mqtt-udp  From broker /openhab/Current_Entrance_Floor_Temp b'26.75797'
2019-01-13 14:00:41,311  INFO:mqtt-udp  From broker /openhab/Current_Bath_Tube_Temp b'25.88013'
2019-01-13 14:00:41,311  INFO:mqtt-udp  From broker /openhab/Current_Bath_Air_Humid b'28.64245'
2019-01-13 14:00:41,312  INFO:mqtt-udp  From broker /openhab/Current_Outdoor_Air_Temp b'-5.958406'
2019-01-13 14:00:41,312  INFO:mqtt-udp  From broker /openhab/Current_Dinner_Air_Bottom_Temp b'24.37082'
2019-01-13 14:00:41,312  INFO:mqtt-udp  From broker /openhab/Sound_Loud b'ON'
2019-01-13 14:00:41,313  INFO:mqtt-udp  From broker /openhab/GroupKitchen b'OFF'
2019-01-13 14:00:41,313  INFO:mqtt-udp  From broker /openhab/GroupDinnerMain b'OFF'
2019-01-13 14:00:41,314  INFO:mqtt-udp  From broker /openhab/GroupGuestMain b'ON'
2019-01-13 14:00:41,314  INFO:mqtt-udp  From broker /openhab/TargetRoomTempSlider b'23'
2019-01-13 14:00:41,314  INFO:mqtt-udp  From broker /openhab/Light2C b'OFF'
2019-01-13 14:00:41,315  INFO:mqtt-udp  From broker /openhab/GroupDinnerWall b'OFF'
2019-01-13 14:00:41,315  INFO:mqtt-udp  From broker /openhab/GroupEntrance b'ON'
2019-01-13 14:00:41,315  INFO:mqtt-udp  From broker /openhab/Light2B b'OFF'
2019-01-13 14:00:41,316  INFO:mqtt-udp  From broker /openhab/Light2A b'OFF'
2019-01-13 14:00:41,316  INFO:mqtt-udp  From broker /openhab/Light4C b'ON'
2019-01-13 14:00:41,316  INFO:mqtt-udp  From broker /openhab/Light4D b'ON'
2019-01-13 14:00:41,317  INFO:mqtt-udp  From broker /openhab/GroupGuestWall b'ON'
2019-01-13 14:00:41,321  INFO:mqtt-udp  From broker /openhab/KitchenVentTakeover b'OFF'
2019-01-13 14:00:41,321  INFO:mqtt-udp  From broker /openhab/KitchenMotorControl b'OFF'
2019-01-13 14:00:41,322  INFO:mqtt-udp  From broker /openhab/Light1C b'OFF'
2019-01-13 14:00:41,322  INFO:mqtt-udp  From broker /openhab/Light1D b'OFF'
2019-01-13 14:00:41,322  INFO:mqtt-udp  From broker /openhab/Light7B b'ON'
2019-01-13 14:00:41,323  INFO:mqtt-udp  From broker /openhab/Light1E b'OFF'
2019-01-13 14:00:41,323  INFO:mqtt-udp  From broker /openhab/Light3C b'ON'
2019-01-13 14:00:41,324  INFO:mqtt-udp  From broker /openhab/MiscVentKitchenEnforce b'ON'
2019-01-13 14:00:41,324  INFO:mqtt-udp  From broker /openhab/MiscVentStorageEnforce b'ON'
2019-01-13 14:00:41,325  INFO:mqtt-udp  From broker /openhab/MiscVentBathroomEnforce b'ON'
2019-01-13 14:00:41,325  INFO:mqtt-udp  From broker /openhab/bme280_temp b'29.76'
2019-01-13 14:00:41,326  INFO:mqtt-udp  From broker /openhab/bme280_humid b'18.24'
2019-01-13 14:00:41,326  INFO:mqtt-udp  From broker /openhab/bme280_press b'988.64'
2019-01-13 14:00:41,326  INFO:mqtt-udp  From broker /openhab/mhz14_1_co2 b'872'
2019-01-13 14:00:41,327  INFO:mqtt-udp  From broker /openhab/mhz14_1_t b'29'
2019-01-13 14:00:41,327  INFO:mqtt-udp  From broker /openhab/KitchenLightControl b'OFF'
2019-01-13 14:00:41,327  INFO:mqtt-udp  From broker /openhab/rpi1_lum b'0.0'
2019-01-13 14:00:41,328  INFO:mqtt-udp  From broker /openhab/TvPowerGuest b'ON'
2019-01-13 14:00:41,328  INFO:mqtt-udp  From broker /openhab/rpi2_mhz14_co2 b'757'
2019-01-13 14:00:41,329  INFO:mqtt-udp  From broker /openhab/rpi2_mhz14_t b'34'
2019-01-13 14:00:41,329  INFO:mqtt-udp  From broker /openhab/rpi2_lum b'0.0'
2019-01-13 14:00:41,333  INFO:mqtt-udp  From broker /openhab/rpi2_bme280_temp b'30.77'
2019-01-13 14:00:41,333  INFO:mqtt-udp  From broker /openhab/rpi2_bme280_humid b'10.33'
2019-01-13 14:00:41,334  INFO:mqtt-udp  From broker /openhab/rpi2_bme280_press b'1000.74'
2019-01-13 14:00:41,334  INFO:mqtt-udp  From broker /openhab/Ping_Etherwan b'OFF'
2019-01-13 14:00:41,334  INFO:mqtt-udp  From broker /openhab/out/CCU825_In0 b'0.0'
2019-01-13 14:00:41,335  INFO:mqtt-udp  From broker /openhab/out/CCU825_In1 b'0.0'
2019-01-13 14:00:41,335  INFO:mqtt-udp  From broker /openhab/out/CCU825_In2 b'10.0'
2019-01-13 14:00:41,336  INFO:mqtt-udp  From broker /openhab/out/CCU825_In3 b'0.0'
2019-01-13 14:00:41,336  INFO:mqtt-udp  From broker /openhab/out/CCU825_SunLight b'0.15384615384615385'
2019-01-13 14:00:41,336  INFO:mqtt-udp  From broker /openhab/out/CCU825_Sound_1 b'1.1013431013431014'
2019-01-13 14:00:41,337  INFO:mqtt-udp  From broker /openhab/out/CCU825_CO2 b'3.6556776556776556'
2019-01-13 14:00:41,337  INFO:mqtt-udp  From broker /openhab/out/CCU825_CO2_2 b'0.0'
2019-01-13 14:00:41,338  INFO:mqtt-udp  From broker /openhab/out/CCU825_In8 b'5.123321123321123'
2019-01-13 14:00:41,338  INFO:mqtt-udp  From broker /openhab/out/CCU825_In9 b'0.0'
2019-01-13 14:00:41,338  INFO:mqtt-udp  From broker /openhab/out/CCU825_In10 b'5.140415140415141'
2019-01-13 14:00:41,339  INFO:mqtt-udp  From broker /openhab/out/CCU825_In11 b'5.115995115995116'
2019-01-13 14:00:41,339  INFO:mqtt-udp  From broker /openhab/out/CCU825_In12 b'5.103785103785103'
2019-01-13 14:00:41,339  INFO:mqtt-udp  From broker /openhab/out/CCU825_In13 b'5.123321123321123'
2019-01-13 14:00:41,340  INFO:mqtt-udp  From broker /openhab/out/CCU825_In14 b'0.0'
2019-01-13 14:00:41,340  INFO:mqtt-udp  From broker /openhab/out/CCU825_In15 b'0.0'
2019-01-13 14:00:41,341  INFO:mqtt-udp  From broker /openhab/out/CCU825_Battery_Charge b'96'
2019-01-13 14:00:41,341  INFO:mqtt-udp  From broker /openhab/out/CCU825_Device_Temperature b'34'
2019-01-13 14:00:41,345  INFO:mqtt-udp  From broker /openhab/out/CCU825_Power_Voltage b'14.9'
2019-01-13 14:00:41,346  INFO:mqtt-udp  From broker /openhab/out/CCU825_GSM_Balance b'0.0'
2019-01-13 14:00:41,346  INFO:mqtt-udp  From broker /openhab/out/Current_Entrance_Floor_Temp b'28.84307'
2019-01-13 14:00:41,346  INFO:mqtt-udp  From broker /openhab/out/Current_Bath_Tube_Temp b'26.6827'
2019-01-13 14:00:41,347  INFO:mqtt-udp  From broker /openhab/out/Current_Bath_Air_Humid b'23.91536'
2019-01-13 14:00:41,347  INFO:mqtt-udp  From broker /openhab/out/BT_dz_home b'OFF'
2019-01-13 14:00:41,348  INFO:mqtt-udp  From broker /openhab/out/BT_nastty_home b'OFF'
2019-01-13 14:00:41,348  INFO:mqtt-udp  From broker /openhab/out/Current_Outdoor_Air_Temp b'-1.390546'
2019-01-13 14:00:41,348  INFO:mqtt-udp  From broker /openhab/out/Current_Dinner_Air_Bottom_Temp b'24.04998'
2019-01-13 14:00:41,349  INFO:mqtt-udp  From broker /openhab/out/Current_Dinner_Air_Middle_Temp b'29.0'
2019-01-13 14:00:41,349  INFO:mqtt-udp  From broker /openhab/out/Current_Kitchen_Air_Ceiling_Temp b'25.55665'
2019-01-13 14:00:41,350  INFO:mqtt-udp  From broker /openhab/out/Current_Badroom_Air_Temp b'27.78153'
2019-01-13 14:00:41,350  INFO:mqtt-udp  From broker /openhab/out/Target_Room_Temp b'26.0'
2019-01-13 14:00:41,350  INFO:mqtt-udp  From broker /openhab/out/Current_Children_Floor_Temp b'24.81701'
2019-01-13 14:00:41,351  INFO:mqtt-udp  From broker /openhab/out/Current_Children_Air_Temp b'24.39588'
2019-01-13 14:00:41,351  INFO:mqtt-udp  From broker /openhab/out/Current_Dinner_Floor_Temp b'27.84175'
2019-01-13 14:00:41,352  INFO:mqtt-udp  From broker /openhab/out/Current_Dinner_Air_Temp b'26.20304'
2019-01-13 14:00:41,352  INFO:mqtt-udp  From broker /openhab/out/Current_Bath_Air_Temp b'25.67698'
2019-01-13 14:00:41,352  INFO:mqtt-udp  From broker /openhab/out/Current_Bath_Floor_Temp b'25.92025'
2019-01-13 14:00:41,353  INFO:mqtt-udp  From broker /openhab/out/Current_Entrance_Air_Temp b'25.05517'
2019-01-13 14:00:41,357  INFO:mqtt-udp  From broker /openhab/out/Sound_Loud b'ON'
2019-01-13 14:00:41,357  INFO:mqtt-udp  From broker /openhab/out/rpi1_lum b'8.415'
2019-01-13 14:00:41,358  INFO:mqtt-udp  From broker /openhab/out/bme280_temp b'30.7'
2019-01-13 14:00:41,359  INFO:mqtt-udp  From broker /openhab/out/bme280_humid b'14.25'
2019-01-13 14:00:41,359  INFO:mqtt-udp  From broker /openhab/out/mhz14_1_co2 b'872'
2019-01-13 14:00:41,359  INFO:mqtt-udp  From broker /openhab/out/bme280_press b'975.82'
2019-01-13 14:00:41,360  INFO:mqtt-udp  From broker /openhab/out/mhz14_1_t b'29'
2019-01-13 14:00:41,360  INFO:mqtt-udp  From broker /openhab/out/GroupGuestMain b'ON'
2019-01-13 14:00:41,361  INFO:mqtt-udp  From broker /openhab/out/GroupDinnerWall b'OFF'
2019-01-13 14:00:41,361  INFO:mqtt-udp  From broker /openhab/out/GroupDinnerMain b'ON'
2019-01-13 14:00:41,361  INFO:mqtt-udp  From broker /openhab/out/GroupEntrance b'ON'
2019-01-13 14:00:41,362  INFO:mqtt-udp  From broker /openhab/out/PLK0_Va b'215.1816'
2019-01-13 14:00:41,362  INFO:mqtt-udp  From broker /openhab/out/PLK0_Presence b'1.0'
2019-01-13 14:00:41,363  INFO:mqtt-udp  From broker /openhab/out/PLK0_WarmWaterConsumption b'10420.0'
2019-01-13 14:00:41,363  INFO:mqtt-udp  From broker /openhab/out/PLK0_ColdWaterConsumption b'6425.0'
2019-01-13 14:00:41,363  INFO:mqtt-udp  From broker /openhab/out/PLK0_activePa b'1285.11'
2019-01-13 14:00:41,364  INFO:mqtt-udp  From broker /openhab/out/CCU825_In0 b'0.0'
2019-01-13 14:00:41,364  INFO:mqtt-udp  From broker /openhab/out/CCU825_In1 b'0.0'
2019-01-13 14:00:41,364  INFO:mqtt-udp  From broker /openhab/out/CCU825_In2 b'10.0'
2019-01-13 14:00:41,365  INFO:mqtt-udp  From broker /openhab/out/CCU825_In3 b'0.0'
2019-01-13 14:00:41,369  INFO:mqtt-udp  From broker /openhab/out/CCU825_SunLight b'0.15384615384615385'
2019-01-13 14:00:41,369  INFO:mqtt-udp  From broker /openhab/out/CCU825_Sound_1 b'0.7472527472527473'
2019-01-13 14:00:41,369  INFO:mqtt-udp  From broker /openhab/out/CCU825_CO2 b'3.653235653235653'
2019-01-13 14:00:41,370  INFO:mqtt-udp  From broker /openhab/out/CCU825_CO2_2 b'0.0'
2019-01-13 14:00:41,370  INFO:mqtt-udp  From broker /openhab/out/CCU825_In8 b'5.123321123321123'
2019-01-13 14:00:41,371  INFO:mqtt-udp  From broker /openhab/out/CCU825_In9 b'0.0'
2019-01-13 14:00:41,371  INFO:mqtt-udp  From broker /openhab/out/CCU825_In10 b'5.142857142857143'
2019-01-13 14:00:41,371  INFO:mqtt-udp  From broker /openhab/out/CCU825_In11 b'5.115995115995116'
2019-01-13 14:00:41,372  INFO:mqtt-udp  From broker /openhab/out/CCU825_In12 b'5.106227106227106'
2019-01-13 14:00:41,372  INFO:mqtt-udp  From broker /openhab/out/CCU825_In13 b'5.125763125763126'
2019-01-13 14:00:41,373  INFO:mqtt-udp  From broker /openhab/out/CCU825_In14 b'0.0'
2019-01-13 14:00:41,373  INFO:mqtt-udp  From broker /openhab/out/CCU825_In15 b'0.0'
2019-01-13 14:00:41,373  INFO:mqtt-udp  From broker /openhab/out/CCU825_Battery_Charge b'96'
2019-01-13 14:00:41,374  INFO:mqtt-udp  From broker /openhab/out/CCU825_Device_Temperature b'34'
2019-01-13 14:00:41,375  INFO:mqtt-udp  From broker /openhab/out/CCU825_Power_Voltage b'14.9'
2019-01-13 14:00:41,375  INFO:mqtt-udp  From broker /openhab/out/CCU825_GSM_Balance b'0.0'
2019-01-13 14:00:41,845  INFO:mqtt-udp  From broker /openhab/out/CCU825_In0 b'0.0'
2019-01-13 14:00:41,886  INFO:mqtt-udp  From broker /openhab/out/CCU825_In1 b'0.0'
2019-01-13 14:00:41,888  INFO:mqtt-udp  From broker /openhab/out/CCU825_In2 b'10.0'
2019-01-13 14:00:41,890  INFO:mqtt-udp  From broker /openhab/out/CCU825_In3 b'0.0'
2019-01-13 14:00:41,891  INFO:mqtt-udp  From broker /openhab/out/CCU825_SunLight b'0.15384615384615385'
2019-01-13 14:00:41,892  INFO:mqtt-udp  From broker /openhab/out/CCU825_Sound_1 b'1.0231990231990231'
2019-01-13 14:00:41,893  INFO:mqtt-udp  From broker /openhab/out/CCU825_CO2 b'3.6556776556776556'
2019-01-13 14:00:41,894  INFO:mqtt-udp  From broker /openhab/out/CCU825_CO2_2 b'0.0'
2019-01-13 14:00:41,895  INFO:mqtt-udp  From broker /openhab/out/CCU825_In8 b'5.123321123321123'
2019-01-13 14:00:41,896  INFO:mqtt-udp  From broker /openhab/out/CCU825_In9 b'0.0'
2019-01-13 14:00:41,900  INFO:mqtt-udp  From broker /openhab/out/CCU825_In10 b'5.142857142857143'
2019-01-13 14:00:41,901  INFO:mqtt-udp  From broker /openhab/out/CCU825_In11 b'5.118437118437118'
2019-01-13 14:00:41,902  INFO:mqtt-udp  From broker /openhab/out/CCU825_In12 b'5.106227106227106'
2019-01-13 14:00:41,903  INFO:mqtt-udp  From broker /openhab/out/CCU825_In13 b'5.123321123321123'
2019-01-13 14:00:41,904  INFO:mqtt-udp  From broker /openhab/out/CCU825_In14 b'0.0'
2019-01-13 14:00:41,904  INFO:mqtt-udp  From broker /openhab/out/CCU825_In15 b'0.0'
2019-01-13 14:00:41,905  INFO:mqtt-udp  From broker /openhab/out/CCU825_Battery_Charge b'96'
2019-01-13 14:00:41,906  INFO:mqtt-udp  From broker /openhab/out/CCU825_Device_Temperature b'34'
2019-01-13 14:00:41,907  INFO:mqtt-udp  From broker /openhab/out/CCU825_Power_Voltage b'14.9'
2019-01-13 14:00:41,913  INFO:mqtt-udp  From broker /openhab/out/CCU825_GSM_Balance b'0.0'
2019-01-13 14:00:41,928  INFO:mqtt-udp  From broker /openhab/out/Current_Dinner_Air_Bottom_Temp b'24.04998'
2019-01-13 14:00:42,513  INFO:mqtt-udp  From broker /openhab/out/CCU825_In0 b'0.0'
2019-01-13 14:00:42,555  INFO:mqtt-udp  From broker /openhab/out/CCU825_In1 b'0.0'
2019-01-13 14:00:42,556  INFO:mqtt-udp  From broker /openhab/out/CCU825_In2 b'10.0'
2019-01-13 14:00:42,557  INFO:mqtt-udp  From broker /openhab/out/CCU825_In3 b'0.0'
2019-01-13 14:00:42,557  INFO:mqtt-udp  From broker /openhab/out/CCU825_SunLight b'0.1514041514041514'
2019-01-13 14:00:42,558  INFO:mqtt-udp  From broker /openhab/out/CCU825_Sound_1 b'1.4847374847374848'
2019-01-13 14:00:42,558  INFO:mqtt-udp  From broker /openhab/out/CCU825_CO2 b'3.653235653235653'
2019-01-13 14:00:42,559  INFO:mqtt-udp  From broker /openhab/out/CCU825_CO2_2 b'0.0'
2019-01-13 14:00:42,559  INFO:mqtt-udp  From broker /openhab/out/CCU825_In8 b'5.1208791208791204'
2019-01-13 14:00:42,560  INFO:mqtt-udp  From broker /openhab/out/CCU825_In9 b'0.0'
2019-01-13 14:00:42,560  INFO:mqtt-udp  From broker /openhab/out/CCU825_In10 b'5.142857142857143'
2019-01-13 14:00:42,561  INFO:mqtt-udp  From broker /openhab/out/CCU825_In11 b'5.115995115995116'
2019-01-13 14:00:42,562  INFO:mqtt-udp  From broker /openhab/out/CCU825_In12 b'5.106227106227106'
2019-01-13 14:00:42,562  INFO:mqtt-udp  From broker /openhab/out/CCU825_In13 b'5.125763125763126'
2019-01-13 14:00:42,563  INFO:mqtt-udp  From broker /openhab/out/CCU825_In14 b'0.0'
2019-01-13 14:00:42,564  INFO:mqtt-udp  From broker /openhab/out/CCU825_In15 b'0.0'
2019-01-13 14:00:42,565  INFO:mqtt-udp  From broker /openhab/out/CCU825_Battery_Charge b'96'
2019-01-13 14:00:42,570  INFO:mqtt-udp  From broker /openhab/out/CCU825_Device_Temperature b'34'
2019-01-13 14:00:42,572  INFO:mqtt-udp  From broker /openhab/out/CCU825_Power_Voltage b'14.9'
2019-01-13 14:00:42,573  INFO:mqtt-udp  From broker /openhab/out/CCU825_GSM_Balance b'0.0'
2019-01-13 14:00:43,200  INFO:mqtt-udp  From broker /openhab/out/CCU825_In0 b'0.0'
2019-01-13 14:00:43,242  INFO:mqtt-udp  From broker /openhab/out/CCU825_In1 b'0.0'
2019-01-13 14:00:43,243  INFO:mqtt-udp  From broker /openhab/out/CCU825_In2 b'10.0'
2019-01-13 14:00:43,244  INFO:mqtt-udp  From broker /openhab/out/CCU825_In3 b'0.0'
2019-01-13 14:00:43,245  INFO:mqtt-udp  From broker /openhab/out/CCU825_SunLight b'0.15384615384615385'
2019-01-13 14:00:43,246  INFO:mqtt-udp  From broker /openhab/out/CCU825_Sound_1 b'0.7106227106227107'
2019-01-13 14:00:43,247  INFO:mqtt-udp  From broker /openhab/out/CCU825_CO2 b'3.653235653235653'
2019-01-13 14:00:43,248  INFO:mqtt-udp  From broker /openhab/out/CCU825_CO2_2 b'0.0'
2019-01-13 14:00:43,249  INFO:mqtt-udp  From broker /openhab/out/CCU825_In8 b'5.1208791208791204'
2019-01-13 14:00:43,250  INFO:mqtt-udp  From broker /openhab/out/CCU825_In9 b'0.0'
2019-01-13 14:00:43,251  INFO:mqtt-udp  From broker /openhab/out/CCU825_In10 b'5.140415140415141'
2019-01-13 14:00:43,255  INFO:mqtt-udp  From broker /openhab/out/CCU825_In11 b'5.118437118437118'
2019-01-13 14:00:43,257  INFO:mqtt-udp  From broker /openhab/out/CCU825_In12 b'5.106227106227106'
2019-01-13 14:00:43,258  INFO:mqtt-udp  From broker /openhab/out/CCU825_In13 b'5.123321123321123'
2019-01-13 14:00:43,259  INFO:mqtt-udp  From broker /openhab/out/CCU825_In14 b'0.0'
2019-01-13 14:00:43,260  INFO:mqtt-udp  From broker /openhab/out/CCU825_In15 b'0.0'
2019-01-13 14:00:43,261  INFO:mqtt-udp  From broker /openhab/out/CCU825_Battery_Charge b'96'
2019-01-13 14:00:43,262  INFO:mqtt-udp  From broker /openhab/out/CCU825_Device_Temperature b'34'
2019-01-13 14:00:43,263  INFO:mqtt-udp  From broker /openhab/out/CCU825_Power_Voltage b'14.9'
2019-01-13 14:00:43,268  INFO:mqtt-udp  From broker /openhab/out/CCU825_GSM_Balance b'0.0'
